error: Error connecting to the database: getaddrinfo ENOTFOUND localhos {"reason":{"commonWireVersion":0,"compatible":true,"heartbeatFrequencyMS":10000,"localThresholdMS":15,"logicalSessionTimeoutMinutes":null,"maxElectionId":null,"maxSetVersion":null,"servers":{},"setName":null,"stale":false,"type":"Unknown"},"stack":"MongooseServerSelectionError: getaddrinfo ENOTFOUND localhos\n    at _handleConnectionErrors (I:\\NODEJS\\MVCReactServer\\node_modules\\mongoose\\lib\\connection.js:805:11)\n    at NativeConnection.openUri (I:\\NODEJS\\MVCReactServer\\node_modules\\mongoose\\lib\\connection.js:780:11)"}
error: Error connecting to the database: getaddrinfo ENOTFOUND localhos {"reason":{"commonWireVersion":0,"compatible":true,"heartbeatFrequencyMS":10000,"localThresholdMS":15,"logicalSessionTimeoutMinutes":null,"maxElectionId":null,"maxSetVersion":null,"servers":{},"setName":null,"stale":false,"type":"Unknown"},"stack":"MongooseServerSelectionError: getaddrinfo ENOTFOUND localhos\n    at _handleConnectionErrors (I:\\NODEJS\\MVCReactServer\\node_modules\\mongoose\\lib\\connection.js:805:11)\n    at NativeConnection.openUri (I:\\NODEJS\\MVCReactServer\\node_modules\\mongoose\\lib\\connection.js:780:11)"}
error: [Sat Nov 04 2023 15:15:28 GMT+0000 (Greenwich Mean Time)]Error sending image , either dir not found or error Error: ENOENT: no such file or directory, open 'I:\NODEJS\MVCReactServer\assets\files\null'
error: [Sat Nov 04 2023 15:15:30 GMT+0000 (Greenwich Mean Time)]Error sending image , either dir not found or error Error: ENOENT: no such file or directory, open 'I:\NODEJS\MVCReactServer\assets\files\null'
error: [Sat Nov 04 2023 15:15:32 GMT+0000 (Greenwich Mean Time)]Error sending image , either dir not found or error Error: ENOENT: no such file or directory, open 'I:\NODEJS\MVCReactServer\assets\files\null'
error: [Sat Nov 04 2023 15:15:32 GMT+0000 (Greenwich Mean Time)]Error sending image , either dir not found or error Error: ENOENT: no such file or directory, open 'I:\NODEJS\MVCReactServer\assets\files\null'
error: [Sat Nov 04 2023 15:15:32 GMT+0000 (Greenwich Mean Time)]Error sending image , either dir not found or error Error: ENOENT: no such file or directory, open 'I:\NODEJS\MVCReactServer\assets\files\null'
error: [Sat Nov 04 2023 15:15:34 GMT+0000 (Greenwich Mean Time)]Error sending image , either dir not found or error Error: ENOENT: no such file or directory, open 'I:\NODEJS\MVCReactServer\assets\files\null'
error: [Sat Nov 04 2023 15:15:35 GMT+0000 (Greenwich Mean Time)]Error sending image , either dir not found or error Error: ENOENT: no such file or directory, open 'I:\NODEJS\MVCReactServer\assets\files\null'
error: [Sat Nov 04 2023 15:15:36 GMT+0000 (Greenwich Mean Time)]Error sending image , either dir not found or error Error: ENOENT: no such file or directory, open 'I:\NODEJS\MVCReactServer\assets\files\null'
error: [Sat Nov 04 2023 15:15:38 GMT+0000 (Greenwich Mean Time)]Error sending image , either dir not found or error Error: ENOENT: no such file or directory, open 'I:\NODEJS\MVCReactServer\assets\files\null'
error: [Sat Nov 04 2023 15:15:40 GMT+0000 (Greenwich Mean Time)]Error sending image , either dir not found or error Error: ENOENT: no such file or directory, open 'I:\NODEJS\MVCReactServer\assets\files\null'
error: [Sat Nov 04 2023 15:16:29 GMT+0000 (Greenwich Mean Time)]Error sending image , either dir not found or error Error: ENOENT: no such file or directory, open 'I:\NODEJS\MVCReactServer\assets\files\null'
error: [Sat Nov 04 2023 15:16:31 GMT+0000 (Greenwich Mean Time)]Error sending image , either dir not found or error Error: ENOENT: no such file or directory, open 'I:\NODEJS\MVCReactServer\assets\files\null'
error: [Sat Nov 04 2023 15:16:32 GMT+0000 (Greenwich Mean Time)]Error sending image , either dir not found or error Error: ENOENT: no such file or directory, open 'I:\NODEJS\MVCReactServer\assets\files\null'
error: [Sat Nov 04 2023 15:16:33 GMT+0000 (Greenwich Mean Time)]Error sending image , either dir not found or error Error: ENOENT: no such file or directory, open 'I:\NODEJS\MVCReactServer\assets\files\null'
error: [Sat Nov 04 2023 17:46:45 GMT+0000 (Greenwich Mean Time)]can not fetch all Users...TypeError: collection.find(...).toArray is not a function
error: [Sat Nov 04 2023 17:46:45 GMT+0000 (Greenwich Mean Time)]can not fetch all Users...TypeError: collection.find(...).toArray is not a function
error: [Sat Nov 04 2023 17:48:01 GMT+0000 (Greenwich Mean Time)]Error sending image , either dir not found or error Error: ENOENT: no such file or directory, open 'I:\NODEJS\MVCReactServer\assets\files\user.png'
error: [Sat Nov 04 2023 17:48:01 GMT+0000 (Greenwich Mean Time)]Error sending image , either dir not found or error Error: ENOENT: no such file or directory, open 'I:\NODEJS\MVCReactServer\assets\files\null'
error: [Sat Nov 04 2023 17:48:01 GMT+0000 (Greenwich Mean Time)]Error sending image , either dir not found or error Error: ENOENT: no such file or directory, open 'I:\NODEJS\MVCReactServer\assets\files\null'
error: [Sat Nov 04 2023 17:48:01 GMT+0000 (Greenwich Mean Time)]Error sending image , either dir not found or error Error: ENOENT: no such file or directory, open 'I:\NODEJS\MVCReactServer\assets\files\user.png'
error: [Sat Nov 04 2023 17:48:01 GMT+0000 (Greenwich Mean Time)]Error sending image , either dir not found or error Error: ENOENT: no such file or directory, open 'I:\NODEJS\MVCReactServer\assets\files\null'
error: [Sat Nov 04 2023 17:48:01 GMT+0000 (Greenwich Mean Time)]Error sending image , either dir not found or error Error: ENOENT: no such file or directory, open 'I:\NODEJS\MVCReactServer\assets\files\user.png'
error: [Sat Nov 04 2023 17:48:01 GMT+0000 (Greenwich Mean Time)]Error sending image , either dir not found or error Error: ENOENT: no such file or directory, open 'I:\NODEJS\MVCReactServer\assets\files\null'
error: Error connecting to the database: connection timed out {"reason":{"commonWireVersion":0,"compatible":true,"heartbeatFrequencyMS":10000,"localThresholdMS":15,"logicalSessionTimeoutMinutes":null,"maxElectionId":null,"maxSetVersion":null,"servers":{},"setName":null,"stale":false,"type":"Unknown"},"stack":"MongooseServerSelectionError: connection timed out\n    at _handleConnectionErrors (I:\\NODEJS\\MVCReactServer\\node_modules\\mongoose\\lib\\connection.js:805:11)\n    at NativeConnection.openUri (I:\\NODEJS\\MVCReactServer\\node_modules\\mongoose\\lib\\connection.js:780:11)"}
error: [Sat Nov 04 2023 18:14:07 GMT+0000 (Greenwich Mean Time)]can not fetch all Users...TypeError: collection.find(...).toArray is not a function
error: [Sat Nov 04 2023 18:14:07 GMT+0000 (Greenwich Mean Time)]can not fetch all Users...TypeError: collection.find(...).toArray is not a function
error: Error connecting to the database: connection timed out {"reason":{"commonWireVersion":0,"compatible":true,"heartbeatFrequencyMS":10000,"localThresholdMS":15,"logicalSessionTimeoutMinutes":null,"maxElectionId":null,"maxSetVersion":null,"servers":{},"setName":null,"stale":false,"type":"Unknown"},"stack":"MongooseServerSelectionError: connection timed out\n    at _handleConnectionErrors (I:\\NODEJS\\MVCReactServer\\node_modules\\mongoose\\lib\\connection.js:805:11)\n    at NativeConnection.openUri (I:\\NODEJS\\MVCReactServer\\node_modules\\mongoose\\lib\\connection.js:780:11)"}
error: [Sun Nov 05 2023 10:39:42 GMT+0000 (Greenwich Mean Time)] Network Error getting access token,net not conncted or Error: request to https://oauth2.googleapis.com/token failed, reason: getaddrinfo ENOTFOUND oauth2.googleapis.com
error: [Sun Nov 05 2023 10:40:17 GMT+0000 (Greenwich Mean Time)]can not fetch all Users...TypeError: collection.find(...).maxTimeMS is not a function
error: [Sun Nov 05 2023 10:40:17 GMT+0000 (Greenwich Mean Time)]can not fetch all Users...TypeError: collection.find(...).maxTimeMS is not a function
error: [Sun Nov 05 2023 10:40:17 GMT+0000 (Greenwich Mean Time)]can not fetch all Users...TypeError: collection.find(...).maxTimeMS is not a function
error: [Sun Nov 05 2023 10:40:17 GMT+0000 (Greenwich Mean Time)]can not fetch all Users...TypeError: collection.find(...).maxTimeMS is not a function
error: [Sun Nov 05 2023 10:41:19 GMT+0000 (Greenwich Mean Time)] Network Error getting access token,net not conncted or Error: request to https://oauth2.googleapis.com/token failed, reason: getaddrinfo ENOTFOUND oauth2.googleapis.com
error: [Sun Nov 05 2023 10:41:42 GMT+0000 (Greenwich Mean Time)] Network Error getting access token,net not conncted or Error: request to https://oauth2.googleapis.com/token failed, reason: getaddrinfo ENOTFOUND oauth2.googleapis.com
error: [Sun Nov 05 2023 10:42:20 GMT+0000 (Greenwich Mean Time)] Network Error getting access token,net not conncted or Error: request to https://oauth2.googleapis.com/token failed, reason: getaddrinfo ENOTFOUND oauth2.googleapis.com
error: [Sun Nov 05 2023 10:46:15 GMT+0000 (Greenwich Mean Time)] Network Error getting access token,net not conncted or Error: request to https://oauth2.googleapis.com/token failed, reason: getaddrinfo ENOTFOUND oauth2.googleapis.com
error: [Sun Nov 05 2023 10:46:15 GMT+0000 (Greenwich Mean Time)]can not fetch all Users...TypeError: collection.find(...).maxTimeMS is not a function
error: [Sun Nov 05 2023 10:46:46 GMT+0000 (Greenwich Mean Time)] Network Error getting access token,net not conncted or Error: request to https://oauth2.googleapis.com/token failed, reason: getaddrinfo ENOTFOUND oauth2.googleapis.com
error: [Sun Nov 05 2023 10:47:06 GMT+0000 (Greenwich Mean Time)] Network Error getting access token,net not conncted or Error: request to https://oauth2.googleapis.com/token failed, reason: getaddrinfo ENOTFOUND oauth2.googleapis.com
error: [Sun Nov 05 2023 10:49:33 GMT+0000 (Greenwich Mean Time)] Network Error getting access token,net not conncted or Error: request to https://oauth2.googleapis.com/token failed, reason: getaddrinfo ENOTFOUND oauth2.googleapis.com
error: [Sun Nov 05 2023 10:49:33 GMT+0000 (Greenwich Mean Time)]can not fetch all Users...TypeError: collection.find(...).maxTimeMS is not a function
error: [Sun Nov 05 2023 10:49:33 GMT+0000 (Greenwich Mean Time)]can not fetch all Users...TypeError: collection.find(...).maxTimeMS is not a function
error: [Sun Nov 05 2023 10:49:33 GMT+0000 (Greenwich Mean Time)]can not fetch all Users...TypeError: collection.find(...).maxTimeMS is not a function
error: [Sun Nov 05 2023 10:49:33 GMT+0000 (Greenwich Mean Time)]can not fetch all Users...TypeError: collection.find(...).maxTimeMS is not a function
error: [Sun Nov 05 2023 10:50:45 GMT+0000 (Greenwich Mean Time)] Network Error getting access token,net not conncted or Error: request to https://oauth2.googleapis.com/token failed, reason: getaddrinfo ENOTFOUND oauth2.googleapis.com
error: [Sun Nov 05 2023 11:19:43 GMT+0000 (Greenwich Mean Time)] Network Error getting access token,net not conncted or Error: request to https://oauth2.googleapis.com/token failed, reason: getaddrinfo ENOTFOUND oauth2.googleapis.com
error: [Sun Nov 05 2023 11:20:47 GMT+0000 (Greenwich Mean Time)] Network Error getting access token,net not conncted or Error: request to https://oauth2.googleapis.com/token failed, reason: getaddrinfo ENOTFOUND oauth2.googleapis.com
error: [Sun Nov 05 2023 11:21:42 GMT+0000 (Greenwich Mean Time)] Network Error getting access token,net not conncted or Error: request to https://oauth2.googleapis.com/token failed, reason: getaddrinfo ENOTFOUND oauth2.googleapis.com
error: [Sun Nov 05 2023 11:23:19 GMT+0000 (Greenwich Mean Time)] Network Error getting access token,net not conncted or Error: request to https://oauth2.googleapis.com/token failed, reason: getaddrinfo ENOTFOUND oauth2.googleapis.com
error: [Sun Nov 05 2023 11:24:08 GMT+0000 (Greenwich Mean Time)] Network Error getting access token,net not conncted or Error: request to https://oauth2.googleapis.com/token failed, reason: getaddrinfo ENOTFOUND oauth2.googleapis.com
error: [Sun Nov 05 2023 11:27:54 GMT+0000 (Greenwich Mean Time)] Network Error getting access token,net not conncted or Error: request to https://oauth2.googleapis.com/token failed, reason: getaddrinfo ENOTFOUND oauth2.googleapis.com
error: [Sun Nov 05 2023 11:28:52 GMT+0000 (Greenwich Mean Time)] Network Error getting access token,net not conncted or Error: request to https://oauth2.googleapis.com/token failed, reason: getaddrinfo ENOTFOUND oauth2.googleapis.com
error: [Sun Nov 05 2023 11:31:45 GMT+0000 (Greenwich Mean Time)] Network Error getting access token,net not conncted or Error: request to https://oauth2.googleapis.com/token failed, reason: getaddrinfo ENOTFOUND oauth2.googleapis.com
error: [Sun Nov 05 2023 11:32:35 GMT+0000 (Greenwich Mean Time)] Network Error getting access token,net not conncted or Error: request to https://oauth2.googleapis.com/token failed, reason: getaddrinfo ENOTFOUND oauth2.googleapis.com
error: [Sun Nov 05 2023 11:32:35 GMT+0000 (Greenwich Mean Time)] can not fetch artisans.. / internal eror collection.find(...).toArray is not a function {"stack":"TypeError: collection.find(...).toArray is not a function\n    at artisans (I:\\NODEJS\\MVCReactServer\\http\\controllers\\ArtisansController.js:20:43)"}
error: [Sun Nov 05 2023 11:32:35 GMT+0000 (Greenwich Mean Time)] can not fetch artisans.. / internal eror collection.find(...).toArray is not a function {"stack":"TypeError: collection.find(...).toArray is not a function\n    at artisans (I:\\NODEJS\\MVCReactServer\\http\\controllers\\ArtisansController.js:20:43)"}
error: [Sun Nov 05 2023 11:37:58 GMT+0000 (Greenwich Mean Time)] Network Error getting access token,net not conncted or Error: request to https://oauth2.googleapis.com/token failed, reason: getaddrinfo ENOTFOUND oauth2.googleapis.com
error: [Sun Nov 05 2023 11:40:33 GMT+0000 (Greenwich Mean Time)] Network Error getting access token,net not conncted or Error: request to https://oauth2.googleapis.com/token failed, reason: getaddrinfo ENOTFOUND oauth2.googleapis.com
error: [Sun Nov 05 2023 11:40:33 GMT+0000 (Greenwich Mean Time)] can not fetch artisans.. / internal eror collection.find(...).toArray is not a function {"stack":"TypeError: collection.find(...).toArray is not a function\n    at artisans (I:\\NODEJS\\MVCReactServer\\http\\controllers\\ArtisansController.js:20:43)"}
error: [Sun Nov 05 2023 11:40:33 GMT+0000 (Greenwich Mean Time)] can not fetch artisans.. / internal eror collection.find(...).toArray is not a function {"stack":"TypeError: collection.find(...).toArray is not a function\n    at artisans (I:\\NODEJS\\MVCReactServer\\http\\controllers\\ArtisansController.js:20:43)"}
error: [Sun Nov 05 2023 11:41:20 GMT+0000 (Greenwich Mean Time)]Error sending image , either dir not found or error Error: ENOENT: no such file or directory, open 'I:\NODEJS\MVCReactServer\assets\files\a.jpg'
error: [Sun Nov 05 2023 11:41:20 GMT+0000 (Greenwich Mean Time)]Error sending image , either dir not found or error Error: ENOENT: no such file or directory, open 'I:\NODEJS\MVCReactServer\assets\files\a.jpg'
error: [Sun Nov 05 2023 11:41:51 GMT+0000 (Greenwich Mean Time)]Error sending image , either dir not found or error Error: ENOENT: no such file or directory, open 'I:\NODEJS\MVCReactServer\assets\files\km.jpg'
error: [Sun Nov 05 2023 11:41:51 GMT+0000 (Greenwich Mean Time)]Error sending image , either dir not found or error Error: ENOENT: no such file or directory, open 'I:\NODEJS\MVCReactServer\assets\files\km.jpg'
error: [Sun Nov 05 2023 11:45:13 GMT+0000 (Greenwich Mean Time)] Network Error getting access token,net not conncted or Error: request to https://oauth2.googleapis.com/token failed, reason: getaddrinfo ENOTFOUND oauth2.googleapis.com
error: [Sun Nov 05 2023 11:45:13 GMT+0000 (Greenwich Mean Time)] can not fetch artisans.. / internal eror collection.find(...).toArray is not a function {"stack":"TypeError: collection.find(...).toArray is not a function\n    at artisans (I:\\NODEJS\\MVCReactServer\\http\\controllers\\ArtisansController.js:20:43)"}
error: [Sun Nov 05 2023 11:45:13 GMT+0000 (Greenwich Mean Time)] can not fetch artisans.. / internal eror collection.find(...).toArray is not a function {"stack":"TypeError: collection.find(...).toArray is not a function\n    at artisans (I:\\NODEJS\\MVCReactServer\\http\\controllers\\ArtisansController.js:20:43)"}
error: [Sun Nov 05 2023 11:45:13 GMT+0000 (Greenwich Mean Time)] can not fetch artisans.. / internal eror collection.find(...).toArray is not a function {"stack":"TypeError: collection.find(...).toArray is not a function\n    at artisans (I:\\NODEJS\\MVCReactServer\\http\\controllers\\ArtisansController.js:20:43)"}
error: [Sun Nov 05 2023 11:47:04 GMT+0000 (Greenwich Mean Time)] Network Error getting access token,net not conncted or Error: request to https://oauth2.googleapis.com/token failed, reason: getaddrinfo ENOTFOUND oauth2.googleapis.com
error: [Sun Nov 05 2023 11:52:55 GMT+0000 (Greenwich Mean Time)] Network Error getting access token,net not conncted or Error: request to https://oauth2.googleapis.com/token failed, reason: getaddrinfo ENOTFOUND oauth2.googleapis.com
error: [Sun Nov 05 2023 11:53:26 GMT+0000 (Greenwich Mean Time)] Network Error getting access token,net not conncted or Error: request to https://oauth2.googleapis.com/token failed, reason: getaddrinfo ENOTFOUND oauth2.googleapis.com
error: [Sun Nov 05 2023 11:54:14 GMT+0000 (Greenwich Mean Time)] Network Error getting access token,net not conncted or Error: request to https://oauth2.googleapis.com/token failed, reason: getaddrinfo ENOTFOUND oauth2.googleapis.com
error: [Sun Nov 05 2023 11:55:23 GMT+0000 (Greenwich Mean Time)] Network Error getting access token,net not conncted or Error: request to https://oauth2.googleapis.com/token failed, reason: getaddrinfo ENOTFOUND oauth2.googleapis.com
error: [Sun Nov 05 2023 11:56:14 GMT+0000 (Greenwich Mean Time)] Network Error getting access token,net not conncted or Error: request to https://oauth2.googleapis.com/token failed, reason: getaddrinfo ENOTFOUND oauth2.googleapis.com
error: [Sun Nov 05 2023 11:57:40 GMT+0000 (Greenwich Mean Time)] Network Error getting access token,net not conncted or Error: request to https://oauth2.googleapis.com/token failed, reason: getaddrinfo ENOTFOUND oauth2.googleapis.com
error: [Sun Nov 05 2023 12:04:35 GMT+0000 (Greenwich Mean Time)] Network Error getting access token,net not conncted or Error: request to https://oauth2.googleapis.com/token failed, reason: getaddrinfo ENOTFOUND oauth2.googleapis.com
error: [Sun Nov 05 2023 12:04:35 GMT+0000 (Greenwich Mean Time)]can not fetch all Users...TypeError: collection.find(...).toArray is not a function
error: [Sun Nov 05 2023 12:04:35 GMT+0000 (Greenwich Mean Time)]can not fetch all Users...TypeError: collection.find(...).toArray is not a function
error: [Sun Nov 05 2023 12:10:23 GMT+0000 (Greenwich Mean Time)] Network Error getting access token,net not conncted or Error: request to https://oauth2.googleapis.com/token failed, reason: getaddrinfo ENOTFOUND oauth2.googleapis.com
error: [Sun Nov 05 2023 12:16:11 GMT+0000 (Greenwich Mean Time)] Network Error getting access token,net not conncted or Error: request to https://oauth2.googleapis.com/token failed, reason: getaddrinfo ENOTFOUND oauth2.googleapis.com
error: [Sun Nov 05 2023 12:19:11 GMT+0000 (Greenwich Mean Time)] Network Error getting access token,net not conncted or Error: request to https://oauth2.googleapis.com/token failed, reason: getaddrinfo ENOTFOUND oauth2.googleapis.com
error: [Sun Nov 05 2023 12:20:59 GMT+0000 (Greenwich Mean Time)] Network Error getting access token,net not conncted or Error: request to https://oauth2.googleapis.com/token failed, reason: getaddrinfo ENOTFOUND oauth2.googleapis.com
error: [Sun Nov 05 2023 12:21:36 GMT+0000 (Greenwich Mean Time)] Network Error getting access token,net not conncted or Error: request to https://oauth2.googleapis.com/token failed, reason: getaddrinfo ENOTFOUND oauth2.googleapis.com
error: [Sun Nov 05 2023 12:21:36 GMT+0000 (Greenwich Mean Time)]can not fetch all Users...TypeError: collection.find(...).toArray is not a function
error: [Sun Nov 05 2023 12:22:37 GMT+0000 (Greenwich Mean Time)] Network Error getting access token,net not conncted or Error: request to https://oauth2.googleapis.com/token failed, reason: getaddrinfo ENOTFOUND oauth2.googleapis.com
error: [Sun Nov 05 2023 12:22:37 GMT+0000 (Greenwich Mean Time)]can not fetch all Users...TypeError: collection.find(...).toArray is not a function
error: [Sun Nov 05 2023 12:22:37 GMT+0000 (Greenwich Mean Time)]can not fetch all Users...TypeError: collection.find(...).toArray is not a function
error: [Sun Nov 05 2023 12:22:37 GMT+0000 (Greenwich Mean Time)]can not fetch all Users...TypeError: collection.find(...).toArray is not a function
error: [Sun Nov 05 2023 12:22:37 GMT+0000 (Greenwich Mean Time)]can not fetch all Users...TypeError: collection.find(...).toArray is not a function
error: [Sun Nov 05 2023 12:22:37 GMT+0000 (Greenwich Mean Time)]can not fetch all Users...TypeError: collection.find(...).toArray is not a function
error: [Sun Nov 05 2023 12:22:37 GMT+0000 (Greenwich Mean Time)]can not fetch all Users...TypeError: collection.find(...).toArray is not a function
error: [Sun Nov 05 2023 12:23:09 GMT+0000 (Greenwich Mean Time)] Network Error getting access token,net not conncted or Error: request to https://oauth2.googleapis.com/token failed, reason: getaddrinfo ENOTFOUND oauth2.googleapis.com
error: [Sun Nov 05 2023 12:23:49 GMT+0000 (Greenwich Mean Time)] Network Error getting access token,net not conncted or Error: request to https://oauth2.googleapis.com/token failed, reason: getaddrinfo ENOTFOUND oauth2.googleapis.com
error: [Sun Nov 05 2023 12:24:20 GMT+0000 (Greenwich Mean Time)] Network Error getting access token,net not conncted or Error: request to https://oauth2.googleapis.com/token failed, reason: getaddrinfo ENOTFOUND oauth2.googleapis.com
error: [Sun Nov 05 2023 12:26:32 GMT+0000 (Greenwich Mean Time)] Network Error getting access token,net not conncted or Error: request to https://oauth2.googleapis.com/token failed, reason: getaddrinfo ENOTFOUND oauth2.googleapis.com
error: [Sun Nov 05 2023 12:27:11 GMT+0000 (Greenwich Mean Time)] Network Error getting access token,net not conncted or Error: request to https://oauth2.googleapis.com/token failed, reason: getaddrinfo ENOTFOUND oauth2.googleapis.com
error: [Sun Nov 05 2023 12:28:09 GMT+0000 (Greenwich Mean Time)] Network Error getting access token,net not conncted or Error: request to https://oauth2.googleapis.com/token failed, reason: getaddrinfo ENOTFOUND oauth2.googleapis.com
error: [Sun Nov 05 2023 12:28:57 GMT+0000 (Greenwich Mean Time)] Network Error getting access token,net not conncted or Error: request to https://oauth2.googleapis.com/token failed, reason: getaddrinfo ENOTFOUND oauth2.googleapis.com
error: [Sun Nov 05 2023 12:29:48 GMT+0000 (Greenwich Mean Time)] Network Error getting access token,net not conncted or Error: request to https://oauth2.googleapis.com/token failed, reason: getaddrinfo ENOTFOUND oauth2.googleapis.com
error: [Sun Nov 05 2023 12:30:35 GMT+0000 (Greenwich Mean Time)] Network Error getting access token,net not conncted or Error: request to https://oauth2.googleapis.com/token failed, reason: getaddrinfo ENOTFOUND oauth2.googleapis.com
error: [Sun Nov 05 2023 12:31:25 GMT+0000 (Greenwich Mean Time)] Network Error getting access token,net not conncted or Error: request to https://oauth2.googleapis.com/token failed, reason: getaddrinfo ENOTFOUND oauth2.googleapis.com
error: [Sun Nov 05 2023 12:32:32 GMT+0000 (Greenwich Mean Time)] Network Error getting access token,net not conncted or Error: request to https://oauth2.googleapis.com/token failed, reason: getaddrinfo ENOTFOUND oauth2.googleapis.com
error: [Sun Nov 05 2023 12:34:41 GMT+0000 (Greenwich Mean Time)] Network Error getting access token,net not conncted or Error: request to https://oauth2.googleapis.com/token failed, reason: getaddrinfo ENOTFOUND oauth2.googleapis.com
error: [Sun Nov 05 2023 12:39:33 GMT+0000 (Greenwich Mean Time)] Network Error getting access token,net not conncted or Error: request to https://oauth2.googleapis.com/token failed, reason: getaddrinfo ENOTFOUND oauth2.googleapis.com
error: [Sun Nov 05 2023 12:39:47 GMT+0000 (Greenwich Mean Time)]Error sending image , either dir not found or error Error: ENOENT: no such file or directory, open 'I:\NODEJS\MVCReactServer\assets\files\a.jpg'
error: [Sun Nov 05 2023 12:39:47 GMT+0000 (Greenwich Mean Time)]Error sending image , either dir not found or error Error: ENOENT: no such file or directory, open 'I:\NODEJS\MVCReactServer\assets\files\a.jpg'
error: [Sun Nov 05 2023 12:39:54 GMT+0000 (Greenwich Mean Time)]Error sending image , either dir not found or error Error: ENOENT: no such file or directory, open 'I:\NODEJS\MVCReactServer\assets\files\km.jpg'
error: [Sun Nov 05 2023 12:39:54 GMT+0000 (Greenwich Mean Time)]Error sending image , either dir not found or error Error: ENOENT: no such file or directory, open 'I:\NODEJS\MVCReactServer\assets\files\km.jpg'
error: [Sun Nov 05 2023 12:41:18 GMT+0000 (Greenwich Mean Time)] Network Error getting access token,net not conncted or Error: request to https://oauth2.googleapis.com/token failed, reason: getaddrinfo ENOTFOUND oauth2.googleapis.com
error: [Sun Nov 05 2023 12:41:54 GMT+0000 (Greenwich Mean Time)] Network Error getting access token,net not conncted or Error: request to https://oauth2.googleapis.com/token failed, reason: getaddrinfo ENOTFOUND oauth2.googleapis.com
error: [Sun Nov 05 2023 12:42:28 GMT+0000 (Greenwich Mean Time)] Network Error getting access token,net not conncted or Error: request to https://oauth2.googleapis.com/token failed, reason: getaddrinfo ENOTFOUND oauth2.googleapis.com
error: [Sun Nov 05 2023 12:42:50 GMT+0000 (Greenwich Mean Time)] Network Error getting access token,net not conncted or Error: request to https://oauth2.googleapis.com/token failed, reason: getaddrinfo ENOTFOUND oauth2.googleapis.com
error: [Sun Nov 05 2023 12:43:40 GMT+0000 (Greenwich Mean Time)] Network Error getting access token,net not conncted or Error: request to https://oauth2.googleapis.com/token failed, reason: getaddrinfo ENOTFOUND oauth2.googleapis.com
error: [Sun Nov 05 2023 12:44:38 GMT+0000 (Greenwich Mean Time)] Network Error getting access token,net not conncted or Error: request to https://oauth2.googleapis.com/token failed, reason: getaddrinfo ENOTFOUND oauth2.googleapis.com
error: [Sun Nov 05 2023 12:45:34 GMT+0000 (Greenwich Mean Time)] Network Error getting access token,net not conncted or Error: request to https://oauth2.googleapis.com/token failed, reason: getaddrinfo ENOTFOUND oauth2.googleapis.com
error: [Sun Nov 05 2023 12:46:20 GMT+0000 (Greenwich Mean Time)] Network Error getting access token,net not conncted or Error: request to https://oauth2.googleapis.com/token failed, reason: getaddrinfo ENOTFOUND oauth2.googleapis.com
error: [Sun Nov 05 2023 12:47:12 GMT+0000 (Greenwich Mean Time)] Network Error getting access token,net not conncted or Error: request to https://oauth2.googleapis.com/token failed, reason: getaddrinfo ENOTFOUND oauth2.googleapis.com
error: [Sun Nov 05 2023 12:47:39 GMT+0000 (Greenwich Mean Time)] Network Error getting access token,net not conncted or Error: request to https://oauth2.googleapis.com/token failed, reason: getaddrinfo ENOTFOUND oauth2.googleapis.com
error: [Sun Nov 05 2023 12:47:58 GMT+0000 (Greenwich Mean Time)] Network Error getting access token,net not conncted or Error: request to https://oauth2.googleapis.com/token failed, reason: getaddrinfo ENOTFOUND oauth2.googleapis.com
error: [Sun Nov 05 2023 12:49:08 GMT+0000 (Greenwich Mean Time)] Network Error getting access token,net not conncted or Error: request to https://oauth2.googleapis.com/token failed, reason: getaddrinfo ENOTFOUND oauth2.googleapis.com
error: [Sun Nov 05 2023 12:49:38 GMT+0000 (Greenwich Mean Time)]Error sending image , either dir not found or error Error: ENOENT: no such file or directory, open 'I:\NODEJS\MVCReactServer\assets\files\a.jpg'
error: [Sun Nov 05 2023 12:49:38 GMT+0000 (Greenwich Mean Time)]Error sending image , either dir not found or error Error: ENOENT: no such file or directory, open 'I:\NODEJS\MVCReactServer\assets\files\a.jpg'
error: [Sun Nov 05 2023 12:50:36 GMT+0000 (Greenwich Mean Time)] Network Error getting access token,net not conncted or Error: request to https://oauth2.googleapis.com/token failed, reason: getaddrinfo ENOTFOUND oauth2.googleapis.com
error: [Sun Nov 05 2023 12:55:42 GMT+0000 (Greenwich Mean Time)] Network Error getting access token,net not conncted or Error: request to https://oauth2.googleapis.com/token failed, reason: getaddrinfo ENOTFOUND oauth2.googleapis.com
error: [Sun Nov 05 2023 12:56:06 GMT+0000 (Greenwich Mean Time)] Network Error getting access token,net not conncted or Error: request to https://oauth2.googleapis.com/token failed, reason: getaddrinfo ENOTFOUND oauth2.googleapis.com
error: [Sun Nov 05 2023 12:56:45 GMT+0000 (Greenwich Mean Time)] Network Error getting access token,net not conncted or Error: request to https://oauth2.googleapis.com/token failed, reason: getaddrinfo ENOTFOUND oauth2.googleapis.com
error: [Sun Nov 05 2023 12:57:16 GMT+0000 (Greenwich Mean Time)] Network Error getting access token,net not conncted or Error: request to https://oauth2.googleapis.com/token failed, reason: getaddrinfo ENOTFOUND oauth2.googleapis.com
error: [Sun Nov 05 2023 12:59:22 GMT+0000 (Greenwich Mean Time)] Network Error getting access token,net not conncted or Error: request to https://oauth2.googleapis.com/token failed, reason: getaddrinfo ENOTFOUND oauth2.googleapis.com
error: [Sun Nov 05 2023 12:59:45 GMT+0000 (Greenwich Mean Time)] Network Error getting access token,net not conncted or Error: request to https://oauth2.googleapis.com/token failed, reason: getaddrinfo ENOTFOUND oauth2.googleapis.com
error: [Sun Nov 05 2023 13:00:50 GMT+0000 (Greenwich Mean Time)] Network Error getting access token,net not conncted or Error: request to https://oauth2.googleapis.com/token failed, reason: getaddrinfo ENOTFOUND oauth2.googleapis.com
error: [Sun Nov 05 2023 13:01:49 GMT+0000 (Greenwich Mean Time)] Network Error getting access token,net not conncted or Error: request to https://oauth2.googleapis.com/token failed, reason: getaddrinfo ENOTFOUND oauth2.googleapis.com
error: [Sun Nov 05 2023 13:01:50 GMT+0000 (Greenwich Mean Time)]can not fetch all Users...TypeError: collection.find(...).toArray is not a function
error: [Sun Nov 05 2023 13:01:50 GMT+0000 (Greenwich Mean Time)]can not fetch all Users...TypeError: collection.find(...).toArray is not a function
error: [Sun Nov 05 2023 13:04:02 GMT+0000 (Greenwich Mean Time)] Network Error getting access token,net not conncted or Error: request to https://oauth2.googleapis.com/token failed, reason: getaddrinfo ENOTFOUND oauth2.googleapis.com
error: [Sun Nov 05 2023 13:05:14 GMT+0000 (Greenwich Mean Time)] Network Error getting access token,net not conncted or Error: request to https://oauth2.googleapis.com/token failed, reason: getaddrinfo ENOTFOUND oauth2.googleapis.com
error: [Sun Nov 05 2023 13:05:48 GMT+0000 (Greenwich Mean Time)] Network Error getting access token,net not conncted or Error: request to https://oauth2.googleapis.com/token failed, reason: getaddrinfo ENOTFOUND oauth2.googleapis.com
error: [Sun Nov 05 2023 13:06:44 GMT+0000 (Greenwich Mean Time)] Network Error getting access token,net not conncted or Error: request to https://oauth2.googleapis.com/token failed, reason: getaddrinfo ENOTFOUND oauth2.googleapis.com
error: [Sun Nov 05 2023 13:07:20 GMT+0000 (Greenwich Mean Time)] Network Error getting access token,net not conncted or Error: request to https://oauth2.googleapis.com/token failed, reason: getaddrinfo ENOTFOUND oauth2.googleapis.com
error: [Sun Nov 05 2023 13:07:31 GMT+0000 (Greenwich Mean Time)]Error sending image , either dir not found or error Error: ENOENT: no such file or directory, open 'I:\NODEJS\MVCReactServer\assets\files\a.jpg'
error: [Sun Nov 05 2023 13:07:31 GMT+0000 (Greenwich Mean Time)]Error sending image , either dir not found or error Error: ENOENT: no such file or directory, open 'I:\NODEJS\MVCReactServer\assets\files\a.jpg'
error: [Sun Nov 05 2023 13:08:36 GMT+0000 (Greenwich Mean Time)] Network Error getting access token,net not conncted or Error: request to https://oauth2.googleapis.com/token failed, reason: getaddrinfo ENOTFOUND oauth2.googleapis.com
error: [Sun Nov 05 2023 13:10:59 GMT+0000 (Greenwich Mean Time)] Network Error getting access token,net not conncted or Error: request to https://oauth2.googleapis.com/token failed, reason: getaddrinfo ENOTFOUND oauth2.googleapis.com
error: [Sun Nov 05 2023 13:11:46 GMT+0000 (Greenwich Mean Time)] Network Error getting access token,net not conncted or Error: request to https://oauth2.googleapis.com/token failed, reason: getaddrinfo ENOTFOUND oauth2.googleapis.com
error: [Sun Nov 05 2023 13:12:57 GMT+0000 (Greenwich Mean Time)] Network Error getting access token,net not conncted or Error: request to https://oauth2.googleapis.com/token failed, reason: getaddrinfo ENOTFOUND oauth2.googleapis.com
error: [Sun Nov 05 2023 13:13:39 GMT+0000 (Greenwich Mean Time)] Network Error getting access token,net not conncted or Error: request to https://oauth2.googleapis.com/token failed, reason: getaddrinfo ENOTFOUND oauth2.googleapis.com
error: [Sun Nov 05 2023 13:16:14 GMT+0000 (Greenwich Mean Time)] Network Error getting access token,net not conncted or Error: request to https://oauth2.googleapis.com/token failed, reason: getaddrinfo ENOTFOUND oauth2.googleapis.com
error: [Sun Nov 05 2023 13:18:12 GMT+0000 (Greenwich Mean Time)] Network Error getting access token,net not conncted or Error: request to https://oauth2.googleapis.com/token failed, reason: getaddrinfo ENOTFOUND oauth2.googleapis.com
error: [Sun Nov 05 2023 13:21:49 GMT+0000 (Greenwich Mean Time)] Network Error getting access token,net not conncted or Error: request to https://oauth2.googleapis.com/token failed, reason: getaddrinfo ENOTFOUND oauth2.googleapis.com
error: [Sun Nov 05 2023 13:25:01 GMT+0000 (Greenwich Mean Time)] Network Error getting access token,net not conncted or Error: request to https://oauth2.googleapis.com/token failed, reason: getaddrinfo ENOTFOUND oauth2.googleapis.com
error: [Sun Nov 05 2023 13:25:32 GMT+0000 (Greenwich Mean Time)] Network Error getting access token,net not conncted or Error: request to https://oauth2.googleapis.com/token failed, reason: getaddrinfo ENOTFOUND oauth2.googleapis.com
error: [Sun Nov 05 2023 13:26:13 GMT+0000 (Greenwich Mean Time)] Network Error getting access token,net not conncted or Error: request to https://oauth2.googleapis.com/token failed, reason: getaddrinfo ENOTFOUND oauth2.googleapis.com
error: [Sun Nov 05 2023 13:27:13 GMT+0000 (Greenwich Mean Time)] Network Error getting access token,net not conncted or Error: request to https://oauth2.googleapis.com/token failed, reason: getaddrinfo ENOTFOUND oauth2.googleapis.com
error: [Sun Nov 05 2023 13:29:30 GMT+0000 (Greenwich Mean Time)] Network Error getting access token,net not conncted or Error: request to https://oauth2.googleapis.com/token failed, reason: getaddrinfo ENOTFOUND oauth2.googleapis.com
error: [Sun Nov 05 2023 13:32:37 GMT+0000 (Greenwich Mean Time)] Network Error getting access token,net not conncted or Error: request to https://oauth2.googleapis.com/token failed, reason: getaddrinfo ENOTFOUND oauth2.googleapis.com
error: [Sun Nov 05 2023 13:32:37 GMT+0000 (Greenwich Mean Time)] can not fetch artisans.. / internal eror collection.find(...).toArray is not a function {"stack":"TypeError: collection.find(...).toArray is not a function\n    at artisans (I:\\NODEJS\\MVCReactServer\\http\\controllers\\ArtisansController.js:20:43)"}
error: [Sun Nov 05 2023 13:32:38 GMT+0000 (Greenwich Mean Time)] can not fetch artisans.. / internal eror collection.find(...).toArray is not a function {"stack":"TypeError: collection.find(...).toArray is not a function\n    at artisans (I:\\NODEJS\\MVCReactServer\\http\\controllers\\ArtisansController.js:20:43)"}
error: [Sun Nov 05 2023 13:32:38 GMT+0000 (Greenwich Mean Time)] can not fetch artisans.. / internal eror collection.find(...).toArray is not a function {"stack":"TypeError: collection.find(...).toArray is not a function\n    at artisans (I:\\NODEJS\\MVCReactServer\\http\\controllers\\ArtisansController.js:20:43)"}
error: [Sun Nov 05 2023 13:32:38 GMT+0000 (Greenwich Mean Time)] can not fetch artisans.. / internal eror collection.find(...).toArray is not a function {"stack":"TypeError: collection.find(...).toArray is not a function\n    at artisans (I:\\NODEJS\\MVCReactServer\\http\\controllers\\ArtisansController.js:20:43)"}
error: [Sun Nov 05 2023 13:33:46 GMT+0000 (Greenwich Mean Time)] Network Error getting access token,net not conncted or Error: request to https://oauth2.googleapis.com/token failed, reason: getaddrinfo ENOTFOUND oauth2.googleapis.com
error: [Sun Nov 05 2023 13:37:05 GMT+0000 (Greenwich Mean Time)]Error sending image , either dir not found or error Error: ENOENT: no such file or directory, open 'I:\NODEJS\MVCReactServer\assets\files\user.png'
error: [Sun Nov 05 2023 13:37:05 GMT+0000 (Greenwich Mean Time)]Error sending image , either dir not found or error Error: ENOENT: no such file or directory, open 'I:\NODEJS\MVCReactServer\assets\files\user.png'
error: [Sun Nov 05 2023 13:37:15 GMT+0000 (Greenwich Mean Time)]Error sending image , either dir not found or error Error: ENOENT: no such file or directory, open 'I:\NODEJS\MVCReactServer\assets\files\user.png'
error: [Sun Nov 05 2023 13:37:15 GMT+0000 (Greenwich Mean Time)]Error sending image , either dir not found or error Error: ENOENT: no such file or directory, open 'I:\NODEJS\MVCReactServer\assets\files\user.png'
error: [Sun Nov 05 2023 13:37:25 GMT+0000 (Greenwich Mean Time)]Error sending image , either dir not found or error Error: ENOENT: no such file or directory, open 'I:\NODEJS\MVCReactServer\assets\files\user.png'
error: [Sun Nov 05 2023 13:37:25 GMT+0000 (Greenwich Mean Time)]Error sending image , either dir not found or error Error: ENOENT: no such file or directory, open 'I:\NODEJS\MVCReactServer\assets\files\user.png'
error: [Sun Nov 05 2023 13:38:13 GMT+0000 (Greenwich Mean Time)]Error sending image , either dir not found or error Error: ENOENT: no such file or directory, open 'I:\NODEJS\MVCReactServer\assets\files\user.png'
error: [Sun Nov 05 2023 13:38:13 GMT+0000 (Greenwich Mean Time)]Error sending image , either dir not found or error Error: ENOENT: no such file or directory, open 'I:\NODEJS\MVCReactServer\assets\files\user.png'
error: [Sun Nov 05 2023 13:38:36 GMT+0000 (Greenwich Mean Time)]Error sending image , either dir not found or error Error: ENOENT: no such file or directory, open 'I:\NODEJS\MVCReactServer\assets\files\user.png'
error: [Sun Nov 05 2023 13:40:32 GMT+0000 (Greenwich Mean Time)]Error sending image , either dir not found or error Error: ENOENT: no such file or directory, open 'I:\NODEJS\MVCReactServer\assets\files\null'
